# JRE version: OpenJDK Runtime Environment Temurin-11.0.14.1+1 (11.0.14.1+1) (build 11.0.14.1+1)
# Java VM: OpenJDK 64-Bit Server VM Temurin-11.0.14.1+1 (11.0.14.1+1, mixed mode, tiered, compressed oops, g1 gc, windows-amd64)
Heap:
 garbage-first heap   total 71680K, used 43300K [0x00000000d0000000, 0x0000000100000000)
  region size 1024K, 15 young (15360K), 2 survivors (2048K)
 Metaspace       used 47032K, capacity 47992K, committed 48128K, reserved 1091584K
  class space    used 4966K, capacity 5337K, committed 5376K, reserved 1048576K
GC Heap History (20 events):
Event: 20.589 GC heap before
{Heap before GC invocations=15 (full 0):
 garbage-first heap   total 59392K, used 45029K [0x00000000d0000000, 0x0000000100000000)
  region size 1024K, 19 young (19456K), 3 survivors (3072K)
 Metaspace       used 41096K, capacity 41881K, committed 42112K, reserved 1087488K
  class space    used 4359K, capacity 4630K, committed 4736K, reserved 1048576K
}
Event: 20.619 GC heap after
{Heap after GC invocations=16 (full 0):
 garbage-first heap   total 71680K, used 31365K [0x00000000d0000000, 0x0000000100000000)
  region size 1024K, 3 young (3072K), 3 survivors (3072K)
 Metaspace       used 41096K, capacity 41881K, committed 42112K, reserved 1087488K
  class space    used 4359K, capacity 4630K, committed 4736K, reserved 1048576K
}
Event: 22.372 GC heap before
{Heap before GC invocations=16 (full 0):
 garbage-first heap   total 71680K, used 48773K [0x00000000d0000000, 0x0000000100000000)
  region size 1024K, 21 young (21504K), 3 survivors (3072K)
 Metaspace       used 41361K, capacity 42160K, committed 42368K, reserved 1087488K
  class space    used 4373K, capacity 4636K, committed 4736K, reserved 1048576K
}
Event: 22.391 GC heap after
{Heap after GC invocations=17 (full 0):
 garbage-first heap   total 71680K, used 33893K [0x00000000d0000000, 0x0000000100000000)
  region size 1024K, 3 young (3072K), 3 survivors (3072K)
 Metaspace       used 41361K, capacity 42160K, committed 42368K, reserved 1087488K
  class space    used 4373K, capacity 4636K, committed 4736K, reserved 1048576K
}
Event: 23.401 GC heap before
{Heap before GC invocations=17 (full 0):
 garbage-first heap   total 71680K, used 52325K [0x00000000d0000000, 0x0000000100000000)
  region size 1024K, 21 young (21504K), 3 survivors (3072K)
 Metaspace       used 41465K, capacity 42230K, committed 42368K, reserved 1087488K
  class space    used 4373K, capacity 4637K, committed 4736K, reserved 1048576K
}
Event: 23.413 GC heap after
{Heap after GC invocations=18 (full 0):
 garbage-first heap   total 71680K, used 38409K [0x00000000d0000000, 0x0000000100000000)
  region size 1024K, 3 young (3072K), 3 survivors (3072K)
 Metaspace       used 41465K, capacity 42230K, committed 42368K, reserved 1087488K
  class space    used 4373K, capacity 4637K, committed 4736K, reserved 1048576K
}
Event: 24.341 GC heap before
{Heap before GC invocations=18 (full 0):
 garbage-first heap   total 71680K, used 54793K [0x00000000d0000000, 0x0000000100000000)
  region size 1024K, 19 young (19456K), 3 survivors (3072K)
 Metaspace       used 41840K, capacity 42667K, committed 42880K, reserved 1087488K
  class space    used 4394K, capacity 4671K, committed 4736K, reserved 1048576K
}
Event: 24.351 GC heap after
{Heap after GC invocations=19 (full 0):
 garbage-first heap   total 71680K, used 37888K [0x00000000d0000000, 0x0000000100000000)
  region size 1024K, 1 young (1024K), 1 survivors (1024K)
 Metaspace       used 41840K, capacity 42667K, committed 42880K, reserved 1087488K
  class space    used 4394K, capacity 4671K, committed 4736K, reserved 1048576K
}
Event: 34.525 GC heap before
{Heap before GC invocations=20 (full 0):
 garbage-first heap   total 71680K, used 55296K [0x00000000d0000000, 0x0000000100000000)
  region size 1024K, 18 young (18432K), 1 survivors (1024K)
 Metaspace       used 43028K, capacity 43849K, committed 44032K, reserved 1089536K
  class space    used 4500K, capacity 4812K, committed 4864K, reserved 1048576K
}
Event: 34.537 GC heap after
{Heap after GC invocations=21 (full 0):
 garbage-first heap   total 71680K, used 38249K [0x00000000d0000000, 0x0000000100000000)
  region size 1024K, 2 young (2048K), 2 survivors (2048K)
 Metaspace       used 43028K, capacity 43849K, committed 44032K, reserved 1089536K
  class space    used 4500K, capacity 4812K, committed 4864K, reserved 1048576K
}
Event: 34.595 GC heap before
{Heap before GC invocations=21 (full 0):
 garbage-first heap   total 71680K, used 38249K [0x00000000d0000000, 0x0000000100000000)
  region size 1024K, 3 young (3072K), 2 survivors (2048K)
 Metaspace       used 43254K, capacity 44105K, committed 44288K, reserved 1089536K
  class space    used 4525K, capacity 4812K, committed 4864K, reserved 1048576K
}
Event: 34.610 GC heap after
{Heap after GC invocations=22 (full 0):
 garbage-first heap   total 71680K, used 32685K [0x00000000d0000000, 0x0000000100000000)
  region size 1024K, 1 young (1024K), 1 survivors (1024K)
 Metaspace       used 43254K, capacity 44105K, committed 44288K, reserved 1089536K
  class space    used 4525K, capacity 4812K, committed 4864K, reserved 1048576K
}
Event: 34.713 GC heap before
{Heap before GC invocations=22 (full 0):
 garbage-first heap   total 71680K, used 34733K [0x00000000d0000000, 0x0000000100000000)
  region size 1024K, 3 young (3072K), 1 survivors (1024K)
 Metaspace       used 43657K, capacity 44553K, committed 44672K, reserved 1089536K
  class space    used 4578K, capacity 4876K, committed 4992K, reserved 1048576K
}
Event: 34.731 GC heap after
{Heap after GC invocations=23 (full 0):
 garbage-first heap   total 71680K, used 29592K [0x00000000d0000000, 0x0000000100000000)
  region size 1024K, 1 young (1024K), 1 survivors (1024K)
 Metaspace       used 43657K, capacity 44553K, committed 44672K, reserved 1089536K
  class space    used 4578K, capacity 4876K, committed 4992K, reserved 1048576K
}
Event: 35.911 GC heap before
{Heap before GC invocations=23 (full 0):
 garbage-first heap   total 71680K, used 50072K [0x00000000d0000000, 0x0000000100000000)
  region size 1024K, 21 young (21504K), 1 survivors (1024K)
 Metaspace       used 44302K, capacity 45170K, committed 45440K, reserved 1089536K
  class space    used 4634K, capacity 4911K, committed 4992K, reserved 1048576K
}
Event: 35.922 GC heap after
{Heap after GC invocations=24 (full 0):
 garbage-first heap   total 71680K, used 29881K [0x00000000d0000000, 0x0000000100000000)
  region size 1024K, 1 young (1024K), 1 survivors (1024K)
 Metaspace       used 44302K, capacity 45170K, committed 45440K, reserved 1089536K
  class space    used 4634K, capacity 4911K, committed 4992K, reserved 1048576K
}
Event: 37.855 GC heap before
{Heap before GC invocations=24 (full 0):
 garbage-first heap   total 71680K, used 51385K [0x00000000d0000000, 0x0000000100000000)
  region size 1024K, 22 young (22528K), 1 survivors (1024K)
 Metaspace       used 44492K, capacity 45298K, committed 45440K, reserved 1089536K
  class space    used 4636K, capacity 4911K, committed 4992K, reserved 1048576K
}
Event: 37.860 GC heap after
{Heap after GC invocations=25 (full 0):
 garbage-first heap   total 71680K, used 30205K [0x00000000d0000000, 0x0000000100000000)
  region size 1024K, 1 young (1024K), 1 survivors (1024K)
 Metaspace       used 44492K, capacity 45298K, committed 45440K, reserved 1089536K
  class space    used 4636K, capacity 4911K, committed 4992K, reserved 1048576K
}
Event: 40.723 GC heap before
{Heap before GC invocations=25 (full 0):
 garbage-first heap   total 71680K, used 52733K [0x00000000d0000000, 0x0000000100000000)
  region size 1024K, 23 young (23552K), 1 survivors (1024K)
 Metaspace       used 46124K, capacity 47060K, committed 47232K, reserved 1091584K
  class space    used 4859K, capacity 5198K, committed 5248K, reserved 1048576K
}
Event: 40.738 GC heap after
{Heap after GC invocations=26 (full 0):
 garbage-first heap   total 71680K, used 31012K [0x00000000d0000000, 0x0000000100000000)
  region size 1024K, 2 young (2048K), 2 survivors (2048K)
 Metaspace       used 46124K, capacity 47060K, committed 47232K, reserved 1091584K
  class space    used 4859K, capacity 5198K, committed 5248K, reserved 1048576K
}

